{"/home/runner/work/tsVector/tsVector/src/index.ts": {"path":"/home/runner/work/tsVector/tsVector/src/index.ts","all":false,"statementMap":{"1":{"start":{"line":2,"column":0},"end":{"line":2,"column":39}},"5":{"start":{"line":6,"column":0},"end":{"line":6,"column":9}},"25":{"start":{"line":26,"column":0},"end":{"line":26,"column":8}}},"s":{"1":1,"5":1,"25":1},"branchMap":{},"b":{},"fnMap":{},"f":{}}
,"/home/runner/work/tsVector/tsVector/src/math.ts": {"path":"/home/runner/work/tsVector/tsVector/src/math.ts","all":false,"statementMap":{"1":{"start":{"line":2,"column":0},"end":{"line":2,"column":51}},"2":{"start":{"line":3,"column":0},"end":{"line":3,"column":17}},"3":{"start":{"line":4,"column":0},"end":{"line":4,"column":1}},"5":{"start":{"line":6,"column":0},"end":{"line":6,"column":56}},"6":{"start":{"line":7,"column":0},"end":{"line":7,"column":17}},"7":{"start":{"line":8,"column":0},"end":{"line":8,"column":1}}},"s":{"1":1,"2":1,"3":1,"5":1,"6":1,"7":1},"branchMap":{"0":{"type":"branch","line":2,"loc":{"start":{"line":2,"column":7},"end":{"line":4,"column":1}},"locations":[{"start":{"line":2,"column":7},"end":{"line":4,"column":1}}]},"1":{"type":"branch","line":6,"loc":{"start":{"line":6,"column":7},"end":{"line":8,"column":1}},"locations":[{"start":{"line":6,"column":7},"end":{"line":8,"column":1}}]}},"b":{"0":[1],"1":[1]},"fnMap":{"0":{"name":"add","decl":{"start":{"line":2,"column":7},"end":{"line":4,"column":1}},"loc":{"start":{"line":2,"column":7},"end":{"line":4,"column":1}},"line":2},"1":{"name":"subtract","decl":{"start":{"line":6,"column":7},"end":{"line":8,"column":1}},"loc":{"start":{"line":6,"column":7},"end":{"line":8,"column":1}},"line":6}},"f":{"0":1,"1":1}}
,"/home/runner/work/tsVector/tsVector/src/matrix.ts": {"path":"/home/runner/work/tsVector/tsVector/src/matrix.ts","all":false,"statementMap":{"1":{"start":{"line":2,"column":0},"end":{"line":2,"column":35}},"6":{"start":{"line":7,"column":0},"end":{"line":7,"column":53}},"7":{"start":{"line":8,"column":0},"end":{"line":8,"column":55}},"8":{"start":{"line":9,"column":0},"end":{"line":9,"column":1}},"11":{"start":{"line":12,"column":0},"end":{"line":12,"column":95}},"12":{"start":{"line":13,"column":0},"end":{"line":13,"column":28}},"13":{"start":{"line":14,"column":0},"end":{"line":14,"column":26}},"14":{"start":{"line":15,"column":0},"end":{"line":15,"column":5}},"15":{"start":{"line":16,"column":0},"end":{"line":16,"column":29}},"16":{"start":{"line":17,"column":0},"end":{"line":17,"column":33}},"17":{"start":{"line":18,"column":0},"end":{"line":18,"column":37}},"18":{"start":{"line":19,"column":0},"end":{"line":19,"column":42}},"19":{"start":{"line":20,"column":0},"end":{"line":20,"column":9}},"20":{"start":{"line":21,"column":0},"end":{"line":21,"column":38}},"21":{"start":{"line":22,"column":0},"end":{"line":22,"column":5}},"22":{"start":{"line":23,"column":0},"end":{"line":23,"column":21}},"23":{"start":{"line":24,"column":0},"end":{"line":24,"column":18}},"24":{"start":{"line":25,"column":0},"end":{"line":25,"column":1}},"27":{"start":{"line":28,"column":0},"end":{"line":28,"column":66}},"28":{"start":{"line":29,"column":0},"end":{"line":29,"column":24}},"29":{"start":{"line":30,"column":0},"end":{"line":30,"column":27}},"30":{"start":{"line":31,"column":0},"end":{"line":31,"column":16}},"31":{"start":{"line":32,"column":0},"end":{"line":32,"column":40}},"32":{"start":{"line":33,"column":0},"end":{"line":33,"column":39}},"33":{"start":{"line":34,"column":0},"end":{"line":34,"column":89}},"34":{"start":{"line":35,"column":0},"end":{"line":35,"column":13}},"35":{"start":{"line":36,"column":0},"end":{"line":36,"column":9}},"36":{"start":{"line":37,"column":0},"end":{"line":37,"column":5}},"37":{"start":{"line":38,"column":0},"end":{"line":38,"column":35}},"38":{"start":{"line":39,"column":0},"end":{"line":39,"column":2}},"41":{"start":{"line":42,"column":0},"end":{"line":42,"column":47}},"42":{"start":{"line":43,"column":0},"end":{"line":43,"column":35}},"43":{"start":{"line":44,"column":0},"end":{"line":44,"column":35}},"44":{"start":{"line":45,"column":0},"end":{"line":45,"column":36}},"45":{"start":{"line":46,"column":0},"end":{"line":46,"column":40}},"46":{"start":{"line":47,"column":0},"end":{"line":47,"column":35}},"47":{"start":{"line":48,"column":0},"end":{"line":48,"column":9}},"48":{"start":{"line":49,"column":0},"end":{"line":49,"column":5}},"49":{"start":{"line":50,"column":0},"end":{"line":50,"column":18}},"50":{"start":{"line":51,"column":0},"end":{"line":51,"column":2}},"53":{"start":{"line":54,"column":0},"end":{"line":54,"column":40}},"54":{"start":{"line":55,"column":0},"end":{"line":55,"column":29}},"55":{"start":{"line":56,"column":0},"end":{"line":56,"column":33}},"56":{"start":{"line":57,"column":0},"end":{"line":57,"column":25}},"57":{"start":{"line":58,"column":0},"end":{"line":58,"column":5}},"58":{"start":{"line":59,"column":0},"end":{"line":59,"column":18}},"59":{"start":{"line":60,"column":0},"end":{"line":60,"column":1}},"62":{"start":{"line":63,"column":0},"end":{"line":63,"column":71}},"63":{"start":{"line":64,"column":0},"end":{"line":64,"column":40}},"64":{"start":{"line":65,"column":0},"end":{"line":65,"column":40}},"65":{"start":{"line":66,"column":0},"end":{"line":66,"column":47}},"66":{"start":{"line":67,"column":0},"end":{"line":67,"column":40}},"67":{"start":{"line":68,"column":0},"end":{"line":68,"column":9}},"68":{"start":{"line":69,"column":0},"end":{"line":69,"column":5}},"69":{"start":{"line":70,"column":0},"end":{"line":70,"column":18}},"70":{"start":{"line":71,"column":0},"end":{"line":71,"column":1}},"73":{"start":{"line":74,"column":0},"end":{"line":74,"column":57}},"74":{"start":{"line":75,"column":0},"end":{"line":75,"column":37}},"75":{"start":{"line":76,"column":0},"end":{"line":76,"column":37}},"76":{"start":{"line":77,"column":0},"end":{"line":77,"column":26}},"77":{"start":{"line":78,"column":0},"end":{"line":78,"column":103}},"78":{"start":{"line":79,"column":0},"end":{"line":79,"column":5}},"79":{"start":{"line":80,"column":0},"end":{"line":80,"column":37}},"80":{"start":{"line":81,"column":0},"end":{"line":81,"column":37}},"81":{"start":{"line":82,"column":0},"end":{"line":82,"column":41}},"82":{"start":{"line":83,"column":0},"end":{"line":83,"column":45}},"83":{"start":{"line":84,"column":0},"end":{"line":84,"column":50}},"84":{"start":{"line":85,"column":0},"end":{"line":85,"column":13}},"85":{"start":{"line":86,"column":0},"end":{"line":86,"column":9}},"86":{"start":{"line":87,"column":0},"end":{"line":87,"column":5}},"87":{"start":{"line":88,"column":0},"end":{"line":88,"column":18}},"88":{"start":{"line":89,"column":0},"end":{"line":89,"column":1}},"91":{"start":{"line":92,"column":0},"end":{"line":92,"column":42}},"92":{"start":{"line":93,"column":0},"end":{"line":93,"column":37}},"93":{"start":{"line":94,"column":0},"end":{"line":94,"column":1}},"96":{"start":{"line":97,"column":0},"end":{"line":97,"column":63}},"97":{"start":{"line":98,"column":0},"end":{"line":98,"column":97}},"98":{"start":{"line":99,"column":0},"end":{"line":99,"column":1}},"101":{"start":{"line":102,"column":0},"end":{"line":102,"column":75}},"102":{"start":{"line":103,"column":0},"end":{"line":103,"column":49}},"103":{"start":{"line":104,"column":0},"end":{"line":104,"column":2}},"106":{"start":{"line":107,"column":0},"end":{"line":107,"column":51}},"107":{"start":{"line":108,"column":0},"end":{"line":108,"column":55}},"108":{"start":{"line":109,"column":0},"end":{"line":109,"column":2}},"111":{"start":{"line":112,"column":0},"end":{"line":112,"column":79}},"112":{"start":{"line":113,"column":0},"end":{"line":113,"column":35}},"113":{"start":{"line":114,"column":0},"end":{"line":114,"column":89}},"114":{"start":{"line":115,"column":0},"end":{"line":115,"column":5}},"115":{"start":{"line":116,"column":0},"end":{"line":116,"column":35}},"116":{"start":{"line":117,"column":0},"end":{"line":117,"column":36}},"117":{"start":{"line":118,"column":0},"end":{"line":118,"column":40}},"118":{"start":{"line":119,"column":0},"end":{"line":119,"column":41}},"119":{"start":{"line":120,"column":0},"end":{"line":120,"column":9}},"120":{"start":{"line":121,"column":0},"end":{"line":121,"column":5}},"121":{"start":{"line":122,"column":0},"end":{"line":122,"column":18}},"122":{"start":{"line":123,"column":0},"end":{"line":123,"column":1}},"125":{"start":{"line":126,"column":0},"end":{"line":126,"column":92}},"126":{"start":{"line":127,"column":0},"end":{"line":127,"column":19}},"127":{"start":{"line":128,"column":0},"end":{"line":128,"column":19}},"128":{"start":{"line":129,"column":0},"end":{"line":129,"column":26}},"129":{"start":{"line":130,"column":0},"end":{"line":130,"column":5}},"130":{"start":{"line":131,"column":0},"end":{"line":131,"column":25}},"131":{"start":{"line":132,"column":0},"end":{"line":132,"column":26}},"132":{"start":{"line":133,"column":0},"end":{"line":133,"column":21}},"133":{"start":{"line":134,"column":0},"end":{"line":134,"column":18}},"134":{"start":{"line":135,"column":0},"end":{"line":135,"column":2}},"137":{"start":{"line":138,"column":0},"end":{"line":138,"column":57}},"138":{"start":{"line":139,"column":0},"end":{"line":139,"column":38}},"139":{"start":{"line":140,"column":0},"end":{"line":140,"column":38}},"140":{"start":{"line":141,"column":0},"end":{"line":141,"column":26}},"141":{"start":{"line":142,"column":0},"end":{"line":142,"column":100}},"142":{"start":{"line":143,"column":0},"end":{"line":143,"column":5}},"143":{"start":{"line":144,"column":0},"end":{"line":144,"column":45}},"144":{"start":{"line":145,"column":0},"end":{"line":145,"column":37}},"145":{"start":{"line":146,"column":0},"end":{"line":146,"column":41}},"146":{"start":{"line":147,"column":0},"end":{"line":147,"column":36}},"147":{"start":{"line":148,"column":0},"end":{"line":148,"column":9}},"148":{"start":{"line":149,"column":0},"end":{"line":149,"column":41}},"149":{"start":{"line":150,"column":0},"end":{"line":150,"column":44}},"150":{"start":{"line":151,"column":0},"end":{"line":151,"column":9}},"151":{"start":{"line":152,"column":0},"end":{"line":152,"column":8}},"152":{"start":{"line":153,"column":0},"end":{"line":153,"column":18}},"153":{"start":{"line":154,"column":0},"end":{"line":154,"column":2}},"156":{"start":{"line":157,"column":0},"end":{"line":157,"column":107}},"157":{"start":{"line":158,"column":0},"end":{"line":158,"column":57}},"158":{"start":{"line":159,"column":0},"end":{"line":159,"column":43}},"159":{"start":{"line":160,"column":0},"end":{"line":160,"column":47}},"160":{"start":{"line":161,"column":0},"end":{"line":161,"column":53}},"161":{"start":{"line":162,"column":0},"end":{"line":162,"column":9}},"162":{"start":{"line":163,"column":0},"end":{"line":163,"column":5}},"163":{"start":{"line":164,"column":0},"end":{"line":164,"column":18}},"164":{"start":{"line":165,"column":0},"end":{"line":165,"column":2}},"167":{"start":{"line":168,"column":0},"end":{"line":168,"column":48}},"168":{"start":{"line":169,"column":0},"end":{"line":169,"column":26}},"169":{"start":{"line":170,"column":0},"end":{"line":170,"column":38}},"170":{"start":{"line":171,"column":0},"end":{"line":171,"column":17}},"171":{"start":{"line":172,"column":0},"end":{"line":172,"column":36}},"172":{"start":{"line":173,"column":0},"end":{"line":173,"column":27}},"173":{"start":{"line":174,"column":0},"end":{"line":174,"column":26}},"174":{"start":{"line":175,"column":0},"end":{"line":175,"column":9}},"175":{"start":{"line":176,"column":0},"end":{"line":176,"column":18}},"176":{"start":{"line":177,"column":0},"end":{"line":177,"column":39}},"177":{"start":{"line":178,"column":0},"end":{"line":178,"column":16}},"178":{"start":{"line":179,"column":0},"end":{"line":179,"column":29}},"179":{"start":{"line":180,"column":0},"end":{"line":180,"column":22}},"180":{"start":{"line":181,"column":0},"end":{"line":181,"column":23}},"181":{"start":{"line":182,"column":0},"end":{"line":182,"column":36}},"182":{"start":{"line":183,"column":0},"end":{"line":183,"column":34}},"183":{"start":{"line":184,"column":0},"end":{"line":184,"column":17}},"184":{"start":{"line":185,"column":0},"end":{"line":185,"column":13}},"185":{"start":{"line":186,"column":0},"end":{"line":186,"column":9}},"186":{"start":{"line":187,"column":0},"end":{"line":187,"column":41}},"187":{"start":{"line":188,"column":0},"end":{"line":188,"column":34}},"188":{"start":{"line":189,"column":0},"end":{"line":189,"column":48}},"189":{"start":{"line":190,"column":0},"end":{"line":190,"column":40}},"190":{"start":{"line":191,"column":0},"end":{"line":191,"column":26}},"191":{"start":{"line":192,"column":0},"end":{"line":192,"column":38}},"192":{"start":{"line":193,"column":0},"end":{"line":193,"column":82}},"193":{"start":{"line":194,"column":0},"end":{"line":194,"column":13}},"194":{"start":{"line":195,"column":0},"end":{"line":195,"column":9}},"195":{"start":{"line":196,"column":0},"end":{"line":196,"column":15}},"196":{"start":{"line":197,"column":0},"end":{"line":197,"column":5}},"197":{"start":{"line":198,"column":0},"end":{"line":198,"column":18}},"198":{"start":{"line":199,"column":0},"end":{"line":199,"column":2}},"201":{"start":{"line":202,"column":0},"end":{"line":202,"column":45}},"202":{"start":{"line":203,"column":0},"end":{"line":203,"column":33}},"203":{"start":{"line":204,"column":0},"end":{"line":204,"column":24}},"204":{"start":{"line":205,"column":0},"end":{"line":205,"column":64}},"205":{"start":{"line":206,"column":0},"end":{"line":206,"column":5}},"206":{"start":{"line":207,"column":0},"end":{"line":207,"column":39}},"207":{"start":{"line":208,"column":0},"end":{"line":208,"column":33}},"208":{"start":{"line":209,"column":0},"end":{"line":209,"column":49}},"209":{"start":{"line":210,"column":0},"end":{"line":210,"column":2}},"212":{"start":{"line":213,"column":0},"end":{"line":213,"column":45}},"213":{"start":{"line":214,"column":0},"end":{"line":214,"column":28}},"214":{"start":{"line":215,"column":0},"end":{"line":215,"column":28}},"215":{"start":{"line":216,"column":0},"end":{"line":216,"column":17}},"216":{"start":{"line":217,"column":0},"end":{"line":217,"column":21}},"217":{"start":{"line":218,"column":0},"end":{"line":218,"column":20}},"218":{"start":{"line":219,"column":0},"end":{"line":219,"column":18}},"219":{"start":{"line":220,"column":0},"end":{"line":220,"column":6}},"220":{"start":{"line":221,"column":0},"end":{"line":221,"column":17}},"221":{"start":{"line":222,"column":0},"end":{"line":222,"column":2}},"224":{"start":{"line":225,"column":0},"end":{"line":225,"column":43}},"225":{"start":{"line":226,"column":0},"end":{"line":226,"column":27}},"226":{"start":{"line":227,"column":0},"end":{"line":227,"column":27}},"227":{"start":{"line":228,"column":0},"end":{"line":228,"column":16}},"228":{"start":{"line":229,"column":0},"end":{"line":229,"column":18}},"229":{"start":{"line":230,"column":0},"end":{"line":230,"column":20}},"230":{"start":{"line":231,"column":0},"end":{"line":231,"column":21}},"231":{"start":{"line":232,"column":0},"end":{"line":232,"column":6}},"232":{"start":{"line":233,"column":0},"end":{"line":233,"column":16}},"233":{"start":{"line":234,"column":0},"end":{"line":234,"column":2}},"236":{"start":{"line":237,"column":0},"end":{"line":237,"column":45}},"237":{"start":{"line":238,"column":0},"end":{"line":238,"column":27}},"238":{"start":{"line":239,"column":0},"end":{"line":239,"column":27}},"239":{"start":{"line":240,"column":0},"end":{"line":240,"column":16}},"240":{"start":{"line":241,"column":0},"end":{"line":241,"column":20}},"241":{"start":{"line":242,"column":0},"end":{"line":242,"column":18}},"242":{"start":{"line":243,"column":0},"end":{"line":243,"column":21}},"243":{"start":{"line":244,"column":0},"end":{"line":244,"column":6}},"244":{"start":{"line":245,"column":0},"end":{"line":245,"column":16}},"245":{"start":{"line":246,"column":0},"end":{"line":246,"column":2}}},"s":{"1":1,"6":1,"7":19,"8":19,"11":1,"12":4,"13":1,"14":1,"15":4,"16":4,"17":12,"18":36,"19":36,"20":12,"21":12,"22":4,"23":4,"24":4,"27":1,"28":21,"29":21,"30":21,"31":2,"32":2,"33":1,"34":1,"35":2,"36":1,"37":20,"38":1,"41":1,"42":1,"43":1,"44":1,"45":2,"46":6,"47":6,"48":2,"49":1,"50":1,"53":1,"54":5,"55":5,"56":15,"57":15,"58":5,"59":5,"62":1,"63":4,"64":4,"65":17,"66":63,"67":63,"68":17,"69":4,"70":4,"73":1,"74":4,"75":4,"76":4,"77":1,"78":1,"79":3,"80":4,"81":8,"82":22,"83":66,"84":66,"85":22,"86":8,"87":3,"88":3,"91":1,"92":10,"93":10,"96":1,"97":4,"98":4,"101":1,"102":3,"103":1,"106":1,"107":1,"108":1,"111":1,"112":1,"113":0,"114":0,"115":1,"116":1,"117":2,"118":6,"119":6,"120":2,"121":1,"122":1,"125":1,"126":7,"127":7,"128":7,"129":7,"130":7,"131":7,"132":7,"133":7,"134":1,"137":1,"138":3,"139":3,"140":3,"141":1,"142":1,"143":2,"144":3,"145":5,"146":15,"147":15,"148":5,"149":13,"150":13,"151":5,"152":2,"153":1,"156":1,"157":2,"158":2,"159":5,"160":11,"161":11,"162":5,"163":2,"164":1,"167":1,"168":2,"169":2,"170":2,"171":2,"172":6,"173":0,"174":0,"175":6,"176":6,"177":0,"178":0,"179":0,"180":0,"181":0,"182":0,"183":0,"184":0,"185":0,"186":6,"187":6,"188":6,"189":6,"190":18,"191":12,"192":12,"193":12,"194":18,"195":6,"196":6,"197":6,"198":1,"201":1,"202":1,"203":1,"204":0,"205":0,"206":1,"207":1,"208":1,"209":1,"212":1,"213":1,"214":1,"215":1,"216":1,"217":1,"218":1,"219":1,"220":1,"221":1,"224":1,"225":1,"226":1,"227":1,"228":1,"229":1,"230":1,"231":1,"232":1,"233":1,"236":1,"237":1,"238":1,"239":1,"240":1,"241":1,"242":1,"243":1,"244":1,"245":1},"branchMap":{"0":{"type":"branch","line":7,"loc":{"start":{"line":7,"column":7},"end":{"line":9,"column":1}},"locations":[{"start":{"line":7,"column":7},"end":{"line":9,"column":1}}]},"1":{"type":"branch","line":8,"loc":{"start":{"line":8,"column":32},"end":{"line":8,"column":53}},"locations":[{"start":{"line":8,"column":32},"end":{"line":8,"column":53}}]},"2":{"type":"branch","line":12,"loc":{"start":{"line":12,"column":7},"end":{"line":25,"column":1}},"locations":[{"start":{"line":12,"column":7},"end":{"line":25,"column":1}}]},"3":{"type":"branch","line":13,"loc":{"start":{"line":13,"column":27},"end":{"line":15,"column":5}},"locations":[{"start":{"line":13,"column":27},"end":{"line":15,"column":5}}]},"4":{"type":"branch","line":17,"loc":{"start":{"line":17,"column":32},"end":{"line":22,"column":5}},"locations":[{"start":{"line":17,"column":32},"end":{"line":22,"column":5}}]},"5":{"type":"branch","line":18,"loc":{"start":{"line":18,"column":36},"end":{"line":20,"column":9}},"locations":[{"start":{"line":18,"column":36},"end":{"line":20,"column":9}}]},"6":{"type":"branch","line":28,"loc":{"start":{"line":28,"column":7},"end":{"line":39,"column":1}},"locations":[{"start":{"line":28,"column":7},"end":{"line":39,"column":1}}]},"7":{"type":"branch","line":31,"loc":{"start":{"line":31,"column":15},"end":{"line":37,"column":5}},"locations":[{"start":{"line":31,"column":15},"end":{"line":37,"column":5}}]},"8":{"type":"branch","line":33,"loc":{"start":{"line":33,"column":38},"end":{"line":35,"column":13}},"locations":[{"start":{"line":33,"column":38},"end":{"line":35,"column":13}}]},"9":{"type":"branch","line":36,"loc":{"start":{"line":36,"column":8},"end":{"line":37,"column":5}},"locations":[{"start":{"line":36,"column":8},"end":{"line":37,"column":5}}]},"10":{"type":"branch","line":37,"loc":{"start":{"line":37,"column":4},"end":{"line":39,"column":1}},"locations":[{"start":{"line":37,"column":4},"end":{"line":39,"column":1}}]},"11":{"type":"branch","line":42,"loc":{"start":{"line":42,"column":7},"end":{"line":51,"column":1}},"locations":[{"start":{"line":42,"column":7},"end":{"line":51,"column":1}}]},"12":{"type":"branch","line":45,"loc":{"start":{"line":45,"column":35},"end":{"line":49,"column":5}},"locations":[{"start":{"line":45,"column":35},"end":{"line":49,"column":5}}]},"13":{"type":"branch","line":46,"loc":{"start":{"line":46,"column":39},"end":{"line":48,"column":9}},"locations":[{"start":{"line":46,"column":39},"end":{"line":48,"column":9}}]},"14":{"type":"branch","line":54,"loc":{"start":{"line":54,"column":7},"end":{"line":60,"column":1}},"locations":[{"start":{"line":54,"column":7},"end":{"line":60,"column":1}}]},"15":{"type":"branch","line":56,"loc":{"start":{"line":56,"column":32},"end":{"line":58,"column":5}},"locations":[{"start":{"line":56,"column":32},"end":{"line":58,"column":5}}]},"16":{"type":"branch","line":63,"loc":{"start":{"line":63,"column":7},"end":{"line":71,"column":1}},"locations":[{"start":{"line":63,"column":7},"end":{"line":71,"column":1}}]},"17":{"type":"branch","line":65,"loc":{"start":{"line":65,"column":39},"end":{"line":69,"column":5}},"locations":[{"start":{"line":65,"column":39},"end":{"line":69,"column":5}}]},"18":{"type":"branch","line":66,"loc":{"start":{"line":66,"column":46},"end":{"line":68,"column":9}},"locations":[{"start":{"line":66,"column":46},"end":{"line":68,"column":9}}]},"19":{"type":"branch","line":74,"loc":{"start":{"line":74,"column":7},"end":{"line":89,"column":1}},"locations":[{"start":{"line":74,"column":7},"end":{"line":89,"column":1}}]},"20":{"type":"branch","line":77,"loc":{"start":{"line":77,"column":25},"end":{"line":79,"column":5}},"locations":[{"start":{"line":77,"column":25},"end":{"line":79,"column":5}}]},"21":{"type":"branch","line":79,"loc":{"start":{"line":79,"column":4},"end":{"line":81,"column":36}},"locations":[{"start":{"line":79,"column":4},"end":{"line":81,"column":36}}]},"22":{"type":"branch","line":81,"loc":{"start":{"line":81,"column":36},"end":{"line":87,"column":5}},"locations":[{"start":{"line":81,"column":36},"end":{"line":87,"column":5}}]},"23":{"type":"branch","line":82,"loc":{"start":{"line":82,"column":40},"end":{"line":86,"column":9}},"locations":[{"start":{"line":82,"column":40},"end":{"line":86,"column":9}}]},"24":{"type":"branch","line":83,"loc":{"start":{"line":83,"column":44},"end":{"line":85,"column":13}},"locations":[{"start":{"line":83,"column":44},"end":{"line":85,"column":13}}]},"25":{"type":"branch","line":87,"loc":{"start":{"line":87,"column":4},"end":{"line":89,"column":1}},"locations":[{"start":{"line":87,"column":4},"end":{"line":89,"column":1}}]},"26":{"type":"branch","line":92,"loc":{"start":{"line":92,"column":7},"end":{"line":94,"column":1}},"locations":[{"start":{"line":92,"column":7},"end":{"line":94,"column":1}}]},"27":{"type":"branch","line":93,"loc":{"start":{"line":93,"column":17},"end":{"line":93,"column":35}},"locations":[{"start":{"line":93,"column":17},"end":{"line":93,"column":35}}]},"28":{"type":"branch","line":97,"loc":{"start":{"line":97,"column":7},"end":{"line":99,"column":1}},"locations":[{"start":{"line":97,"column":7},"end":{"line":99,"column":1}}]},"29":{"type":"branch","line":98,"loc":{"start":{"line":98,"column":17},"end":{"line":98,"column":95}},"locations":[{"start":{"line":98,"column":17},"end":{"line":98,"column":95}}]},"30":{"type":"branch","line":98,"loc":{"start":{"line":98,"column":32},"end":{"line":98,"column":94}},"locations":[{"start":{"line":98,"column":32},"end":{"line":98,"column":94}}]},"31":{"type":"branch","line":98,"loc":{"start":{"line":98,"column":89},"end":{"line":98,"column":94}},"locations":[{"start":{"line":98,"column":89},"end":{"line":98,"column":94}}]},"32":{"type":"branch","line":102,"loc":{"start":{"line":102,"column":7},"end":{"line":104,"column":1}},"locations":[{"start":{"line":102,"column":7},"end":{"line":104,"column":1}}]},"33":{"type":"branch","line":107,"loc":{"start":{"line":107,"column":7},"end":{"line":109,"column":1}},"locations":[{"start":{"line":107,"column":7},"end":{"line":109,"column":1}}]},"34":{"type":"branch","line":108,"loc":{"start":{"line":108,"column":20},"end":{"line":108,"column":51}},"locations":[{"start":{"line":108,"column":20},"end":{"line":108,"column":51}}]},"35":{"type":"branch","line":112,"loc":{"start":{"line":112,"column":7},"end":{"line":123,"column":1}},"locations":[{"start":{"line":112,"column":7},"end":{"line":123,"column":1}}]},"36":{"type":"branch","line":113,"loc":{"start":{"line":113,"column":34},"end":{"line":115,"column":5}},"locations":[{"start":{"line":113,"column":34},"end":{"line":115,"column":5}}]},"37":{"type":"branch","line":117,"loc":{"start":{"line":117,"column":35},"end":{"line":121,"column":5}},"locations":[{"start":{"line":117,"column":35},"end":{"line":121,"column":5}}]},"38":{"type":"branch","line":118,"loc":{"start":{"line":118,"column":39},"end":{"line":120,"column":9}},"locations":[{"start":{"line":118,"column":39},"end":{"line":120,"column":9}}]},"39":{"type":"branch","line":126,"loc":{"start":{"line":126,"column":7},"end":{"line":135,"column":1}},"locations":[{"start":{"line":126,"column":7},"end":{"line":135,"column":1}}]},"40":{"type":"branch","line":138,"loc":{"start":{"line":138,"column":7},"end":{"line":154,"column":1}},"locations":[{"start":{"line":138,"column":7},"end":{"line":154,"column":1}}]},"41":{"type":"branch","line":141,"loc":{"start":{"line":141,"column":25},"end":{"line":143,"column":5}},"locations":[{"start":{"line":141,"column":25},"end":{"line":143,"column":5}}]},"42":{"type":"branch","line":143,"loc":{"start":{"line":143,"column":4},"end":{"line":145,"column":36}},"locations":[{"start":{"line":143,"column":4},"end":{"line":145,"column":36}}]},"43":{"type":"branch","line":145,"loc":{"start":{"line":145,"column":36},"end":{"line":152,"column":8}},"locations":[{"start":{"line":145,"column":36},"end":{"line":152,"column":8}}]},"44":{"type":"branch","line":146,"loc":{"start":{"line":146,"column":40},"end":{"line":148,"column":9}},"locations":[{"start":{"line":146,"column":40},"end":{"line":148,"column":9}}]},"45":{"type":"branch","line":149,"loc":{"start":{"line":149,"column":40},"end":{"line":151,"column":9}},"locations":[{"start":{"line":149,"column":40},"end":{"line":151,"column":9}}]},"46":{"type":"branch","line":152,"loc":{"start":{"line":152,"column":4},"end":{"line":154,"column":1}},"locations":[{"start":{"line":152,"column":4},"end":{"line":154,"column":1}}]},"47":{"type":"branch","line":157,"loc":{"start":{"line":157,"column":7},"end":{"line":165,"column":1}},"locations":[{"start":{"line":157,"column":7},"end":{"line":165,"column":1}}]},"48":{"type":"branch","line":159,"loc":{"start":{"line":159,"column":42},"end":{"line":163,"column":5}},"locations":[{"start":{"line":159,"column":42},"end":{"line":163,"column":5}}]},"49":{"type":"branch","line":160,"loc":{"start":{"line":160,"column":46},"end":{"line":162,"column":9}},"locations":[{"start":{"line":160,"column":46},"end":{"line":162,"column":9}}]},"50":{"type":"branch","line":168,"loc":{"start":{"line":168,"column":7},"end":{"line":199,"column":1}},"locations":[{"start":{"line":168,"column":7},"end":{"line":199,"column":1}}]},"51":{"type":"branch","line":172,"loc":{"start":{"line":172,"column":35},"end":{"line":199,"column":1}},"locations":[{"start":{"line":172,"column":35},"end":{"line":199,"column":1}}]},"52":{"type":"branch","line":173,"loc":{"start":{"line":173,"column":26},"end":{"line":175,"column":9}},"locations":[{"start":{"line":173,"column":26},"end":{"line":175,"column":9}}]},"53":{"type":"branch","line":177,"loc":{"start":{"line":177,"column":38},"end":{"line":186,"column":9}},"locations":[{"start":{"line":177,"column":38},"end":{"line":186,"column":9}}]},"54":{"type":"branch","line":190,"loc":{"start":{"line":190,"column":39},"end":{"line":195,"column":9}},"locations":[{"start":{"line":190,"column":39},"end":{"line":195,"column":9}}]},"55":{"type":"branch","line":191,"loc":{"start":{"line":191,"column":25},"end":{"line":194,"column":13}},"locations":[{"start":{"line":191,"column":25},"end":{"line":194,"column":13}}]},"56":{"type":"branch","line":189,"loc":{"start":{"line":189,"column":34},"end":{"line":189,"column":46}},"locations":[{"start":{"line":189,"column":34},"end":{"line":189,"column":46}}]},"57":{"type":"branch","line":202,"loc":{"start":{"line":202,"column":7},"end":{"line":210,"column":1}},"locations":[{"start":{"line":202,"column":7},"end":{"line":210,"column":1}}]},"58":{"type":"branch","line":204,"loc":{"start":{"line":204,"column":23},"end":{"line":206,"column":5}},"locations":[{"start":{"line":204,"column":23},"end":{"line":206,"column":5}}]},"59":{"type":"branch","line":213,"loc":{"start":{"line":213,"column":7},"end":{"line":222,"column":1}},"locations":[{"start":{"line":213,"column":7},"end":{"line":222,"column":1}}]},"60":{"type":"branch","line":225,"loc":{"start":{"line":225,"column":7},"end":{"line":234,"column":1}},"locations":[{"start":{"line":225,"column":7},"end":{"line":234,"column":1}}]},"61":{"type":"branch","line":237,"loc":{"start":{"line":237,"column":7},"end":{"line":246,"column":1}},"locations":[{"start":{"line":237,"column":7},"end":{"line":246,"column":1}}]}},"b":{"0":[19],"1":[56],"2":[4],"3":[1],"4":[12],"5":[36],"6":[21],"7":[2],"8":[1],"9":[1],"10":[20],"11":[1],"12":[2],"13":[6],"14":[5],"15":[15],"16":[4],"17":[17],"18":[63],"19":[4],"20":[1],"21":[3],"22":[8],"23":[22],"24":[66],"25":[3],"26":[10],"27":[29],"28":[4],"29":[10],"30":[29],"31":[0],"32":[3],"33":[1],"34":[2],"35":[1],"36":[0],"37":[2],"38":[6],"39":[7],"40":[3],"41":[1],"42":[2],"43":[5],"44":[15],"45":[13],"46":[2],"47":[2],"48":[5],"49":[11],"50":[2],"51":[6],"52":[0],"53":[0],"54":[18],"55":[12],"56":[36],"57":[1],"58":[0],"59":[1],"60":[1],"61":[1]},"fnMap":{"0":{"name":"mZero","decl":{"start":{"line":7,"column":7},"end":{"line":9,"column":1}},"loc":{"start":{"line":7,"column":7},"end":{"line":9,"column":1}},"line":7},"1":{"name":"affine3d","decl":{"start":{"line":12,"column":7},"end":{"line":25,"column":1}},"loc":{"start":{"line":12,"column":7},"end":{"line":25,"column":1}},"line":12},"2":{"name":"Mshape","decl":{"start":{"line":28,"column":7},"end":{"line":39,"column":1}},"loc":{"start":{"line":28,"column":7},"end":{"line":39,"column":1}},"line":28},"3":{"name":"MTranspose","decl":{"start":{"line":42,"column":7},"end":{"line":51,"column":1}},"loc":{"start":{"line":42,"column":7},"end":{"line":51,"column":1}},"line":42},"4":{"name":"eye","decl":{"start":{"line":54,"column":7},"end":{"line":60,"column":1}},"loc":{"start":{"line":54,"column":7},"end":{"line":60,"column":1}},"line":54},"5":{"name":"MvProduct","decl":{"start":{"line":63,"column":7},"end":{"line":71,"column":1}},"loc":{"start":{"line":63,"column":7},"end":{"line":71,"column":1}},"line":63},"6":{"name":"MMProduct","decl":{"start":{"line":74,"column":7},"end":{"line":89,"column":1}},"loc":{"start":{"line":74,"column":7},"end":{"line":89,"column":1}},"line":74},"7":{"name":"MCopy","decl":{"start":{"line":92,"column":7},"end":{"line":94,"column":1}},"loc":{"start":{"line":92,"column":7},"end":{"line":94,"column":1}},"line":92},"8":{"name":"MTolerate","decl":{"start":{"line":97,"column":7},"end":{"line":99,"column":1}},"loc":{"start":{"line":97,"column":7},"end":{"line":99,"column":1}},"line":97},"9":{"name":"applyAffine3d","decl":{"start":{"line":102,"column":7},"end":{"line":104,"column":1}},"loc":{"start":{"line":102,"column":7},"end":{"line":104,"column":1}},"line":102},"10":{"name":"MAsList","decl":{"start":{"line":107,"column":7},"end":{"line":109,"column":1}},"loc":{"start":{"line":107,"column":7},"end":{"line":109,"column":1}},"line":107},"11":{"name":"listAsM","decl":{"start":{"line":112,"column":7},"end":{"line":123,"column":1}},"loc":{"start":{"line":112,"column":7},"end":{"line":123,"column":1}},"line":112},"12":{"name":"MswapRows","decl":{"start":{"line":126,"column":7},"end":{"line":135,"column":1}},"loc":{"start":{"line":126,"column":7},"end":{"line":135,"column":1}},"line":126},"13":{"name":"MAdjoin","decl":{"start":{"line":138,"column":7},"end":{"line":154,"column":1}},"loc":{"start":{"line":138,"column":7},"end":{"line":154,"column":1}},"line":138},"14":{"name":"Mslice","decl":{"start":{"line":157,"column":7},"end":{"line":165,"column":1}},"loc":{"start":{"line":157,"column":7},"end":{"line":165,"column":1}},"line":157},"15":{"name":"MRowEchelon","decl":{"start":{"line":168,"column":7},"end":{"line":199,"column":1}},"loc":{"start":{"line":168,"column":7},"end":{"line":199,"column":1}},"line":168},"16":{"name":"MInverse","decl":{"start":{"line":202,"column":7},"end":{"line":210,"column":1}},"loc":{"start":{"line":202,"column":7},"end":{"line":210,"column":1}},"line":202},"17":{"name":"Mroll","decl":{"start":{"line":213,"column":7},"end":{"line":222,"column":1}},"loc":{"start":{"line":213,"column":7},"end":{"line":222,"column":1}},"line":213},"18":{"name":"Myaw","decl":{"start":{"line":225,"column":7},"end":{"line":234,"column":1}},"loc":{"start":{"line":225,"column":7},"end":{"line":234,"column":1}},"line":225},"19":{"name":"Mpitch","decl":{"start":{"line":237,"column":7},"end":{"line":246,"column":1}},"loc":{"start":{"line":237,"column":7},"end":{"line":246,"column":1}},"line":237}},"f":{"0":19,"1":4,"2":21,"3":1,"4":5,"5":4,"6":4,"7":10,"8":4,"9":3,"10":1,"11":1,"12":7,"13":3,"14":2,"15":2,"16":1,"17":1,"18":1,"19":1}}
,"/home/runner/work/tsVector/tsVector/src/vector.ts": {"path":"/home/runner/work/tsVector/tsVector/src/vector.ts","all":false,"statementMap":{"3":{"start":{"line":4,"column":0},"end":{"line":4,"column":42}},"4":{"start":{"line":5,"column":0},"end":{"line":5,"column":28}},"5":{"start":{"line":6,"column":0},"end":{"line":6,"column":1}},"7":{"start":{"line":8,"column":0},"end":{"line":8,"column":52}},"8":{"start":{"line":9,"column":0},"end":{"line":9,"column":33}},"9":{"start":{"line":10,"column":0},"end":{"line":10,"column":40}},"10":{"start":{"line":11,"column":0},"end":{"line":11,"column":32}},"11":{"start":{"line":12,"column":0},"end":{"line":12,"column":5}},"12":{"start":{"line":13,"column":0},"end":{"line":13,"column":18}},"13":{"start":{"line":14,"column":0},"end":{"line":14,"column":1}},"16":{"start":{"line":17,"column":0},"end":{"line":17,"column":52}},"17":{"start":{"line":18,"column":0},"end":{"line":18,"column":33}},"18":{"start":{"line":19,"column":0},"end":{"line":19,"column":40}},"19":{"start":{"line":20,"column":0},"end":{"line":20,"column":41}},"20":{"start":{"line":21,"column":0},"end":{"line":21,"column":5}},"21":{"start":{"line":22,"column":0},"end":{"line":22,"column":18}},"22":{"start":{"line":23,"column":0},"end":{"line":23,"column":1}},"25":{"start":{"line":26,"column":0},"end":{"line":26,"column":52}},"26":{"start":{"line":27,"column":0},"end":{"line":27,"column":33}},"27":{"start":{"line":28,"column":0},"end":{"line":28,"column":40}},"28":{"start":{"line":29,"column":0},"end":{"line":29,"column":41}},"29":{"start":{"line":30,"column":0},"end":{"line":30,"column":5}},"30":{"start":{"line":31,"column":0},"end":{"line":31,"column":18}},"31":{"start":{"line":32,"column":0},"end":{"line":32,"column":1}},"34":{"start":{"line":35,"column":0},"end":{"line":35,"column":54}},"35":{"start":{"line":36,"column":0},"end":{"line":36,"column":33}},"36":{"start":{"line":37,"column":0},"end":{"line":37,"column":40}},"37":{"start":{"line":38,"column":0},"end":{"line":38,"column":29}},"38":{"start":{"line":39,"column":0},"end":{"line":39,"column":5}},"39":{"start":{"line":40,"column":0},"end":{"line":40,"column":18}},"40":{"start":{"line":41,"column":0},"end":{"line":41,"column":1}},"43":{"start":{"line":44,"column":0},"end":{"line":44,"column":52}},"44":{"start":{"line":45,"column":0},"end":{"line":45,"column":34}},"45":{"start":{"line":46,"column":0},"end":{"line":46,"column":2}},"48":{"start":{"line":49,"column":0},"end":{"line":49,"column":52}},"49":{"start":{"line":50,"column":0},"end":{"line":50,"column":33}},"50":{"start":{"line":51,"column":0},"end":{"line":51,"column":40}},"51":{"start":{"line":52,"column":0},"end":{"line":52,"column":32}},"52":{"start":{"line":53,"column":0},"end":{"line":53,"column":5}},"53":{"start":{"line":54,"column":0},"end":{"line":54,"column":18}},"54":{"start":{"line":55,"column":0},"end":{"line":55,"column":2}},"57":{"start":{"line":58,"column":0},"end":{"line":58,"column":52}},"58":{"start":{"line":59,"column":0},"end":{"line":59,"column":33}},"59":{"start":{"line":60,"column":0},"end":{"line":60,"column":40}},"60":{"start":{"line":61,"column":0},"end":{"line":61,"column":32}},"61":{"start":{"line":62,"column":0},"end":{"line":62,"column":5}},"62":{"start":{"line":63,"column":0},"end":{"line":63,"column":18}},"63":{"start":{"line":64,"column":0},"end":{"line":64,"column":2}},"66":{"start":{"line":67,"column":0},"end":{"line":67,"column":52}},"67":{"start":{"line":68,"column":0},"end":{"line":68,"column":52}},"68":{"start":{"line":69,"column":0},"end":{"line":69,"column":2}},"71":{"start":{"line":72,"column":0},"end":{"line":72,"column":44}},"72":{"start":{"line":73,"column":0},"end":{"line":73,"column":57}},"73":{"start":{"line":74,"column":0},"end":{"line":74,"column":1}},"76":{"start":{"line":77,"column":0},"end":{"line":77,"column":47}},"77":{"start":{"line":78,"column":0},"end":{"line":78,"column":35}},"78":{"start":{"line":79,"column":0},"end":{"line":79,"column":1}},"81":{"start":{"line":82,"column":0},"end":{"line":82,"column":65}},"82":{"start":{"line":83,"column":0},"end":{"line":83,"column":32}},"83":{"start":{"line":84,"column":0},"end":{"line":84,"column":1}},"86":{"start":{"line":87,"column":0},"end":{"line":87,"column":71}},"87":{"start":{"line":88,"column":0},"end":{"line":88,"column":44}},"88":{"start":{"line":89,"column":0},"end":{"line":89,"column":1}},"91":{"start":{"line":92,"column":0},"end":{"line":92,"column":54}},"93":{"start":{"line":94,"column":0},"end":{"line":94,"column":27}},"94":{"start":{"line":95,"column":0},"end":{"line":95,"column":27}},"95":{"start":{"line":96,"column":0},"end":{"line":96,"column":20}},"96":{"start":{"line":97,"column":0},"end":{"line":97,"column":26}},"97":{"start":{"line":98,"column":0},"end":{"line":98,"column":26}},"98":{"start":{"line":99,"column":0},"end":{"line":99,"column":25}},"99":{"start":{"line":100,"column":0},"end":{"line":100,"column":6}},"100":{"start":{"line":101,"column":0},"end":{"line":101,"column":18}},"101":{"start":{"line":102,"column":0},"end":{"line":102,"column":1}}},"s":{"3":1,"4":108,"5":108,"7":1,"8":15,"9":15,"10":80,"11":80,"12":15,"13":15,"16":1,"17":1,"18":1,"19":3,"20":3,"21":1,"22":1,"25":1,"26":1,"27":1,"28":3,"29":3,"30":1,"31":1,"34":1,"35":28,"36":28,"37":154,"38":154,"39":28,"40":28,"43":1,"44":14,"45":1,"48":1,"49":1,"50":1,"51":3,"52":3,"53":1,"54":1,"57":1,"58":1,"59":1,"60":3,"61":3,"62":1,"63":1,"66":1,"67":1,"68":1,"71":1,"72":4,"73":4,"76":1,"77":1,"78":1,"81":1,"82":1,"83":1,"86":1,"87":1,"88":1,"91":1,"93":1,"94":1,"95":1,"96":1,"97":1,"98":1,"99":1,"100":1,"101":1},"branchMap":{"0":{"type":"branch","line":4,"loc":{"start":{"line":4,"column":7},"end":{"line":6,"column":1}},"locations":[{"start":{"line":4,"column":7},"end":{"line":6,"column":1}}]},"1":{"type":"branch","line":8,"loc":{"start":{"line":8,"column":7},"end":{"line":14,"column":1}},"locations":[{"start":{"line":8,"column":7},"end":{"line":14,"column":1}}]},"2":{"type":"branch","line":10,"loc":{"start":{"line":10,"column":39},"end":{"line":12,"column":5}},"locations":[{"start":{"line":10,"column":39},"end":{"line":12,"column":5}}]},"3":{"type":"branch","line":17,"loc":{"start":{"line":17,"column":7},"end":{"line":23,"column":1}},"locations":[{"start":{"line":17,"column":7},"end":{"line":23,"column":1}}]},"4":{"type":"branch","line":19,"loc":{"start":{"line":19,"column":39},"end":{"line":21,"column":5}},"locations":[{"start":{"line":19,"column":39},"end":{"line":21,"column":5}}]},"5":{"type":"branch","line":26,"loc":{"start":{"line":26,"column":7},"end":{"line":32,"column":1}},"locations":[{"start":{"line":26,"column":7},"end":{"line":32,"column":1}}]},"6":{"type":"branch","line":28,"loc":{"start":{"line":28,"column":39},"end":{"line":30,"column":5}},"locations":[{"start":{"line":28,"column":39},"end":{"line":30,"column":5}}]},"7":{"type":"branch","line":35,"loc":{"start":{"line":35,"column":7},"end":{"line":41,"column":1}},"locations":[{"start":{"line":35,"column":7},"end":{"line":41,"column":1}}]},"8":{"type":"branch","line":37,"loc":{"start":{"line":37,"column":39},"end":{"line":39,"column":5}},"locations":[{"start":{"line":37,"column":39},"end":{"line":39,"column":5}}]},"9":{"type":"branch","line":44,"loc":{"start":{"line":44,"column":7},"end":{"line":46,"column":1}},"locations":[{"start":{"line":44,"column":7},"end":{"line":46,"column":1}}]},"10":{"type":"branch","line":49,"loc":{"start":{"line":49,"column":7},"end":{"line":55,"column":1}},"locations":[{"start":{"line":49,"column":7},"end":{"line":55,"column":1}}]},"11":{"type":"branch","line":51,"loc":{"start":{"line":51,"column":39},"end":{"line":53,"column":5}},"locations":[{"start":{"line":51,"column":39},"end":{"line":53,"column":5}}]},"12":{"type":"branch","line":58,"loc":{"start":{"line":58,"column":7},"end":{"line":64,"column":1}},"locations":[{"start":{"line":58,"column":7},"end":{"line":64,"column":1}}]},"13":{"type":"branch","line":60,"loc":{"start":{"line":60,"column":39},"end":{"line":62,"column":5}},"locations":[{"start":{"line":60,"column":39},"end":{"line":62,"column":5}}]},"14":{"type":"branch","line":67,"loc":{"start":{"line":67,"column":7},"end":{"line":69,"column":1}},"locations":[{"start":{"line":67,"column":7},"end":{"line":69,"column":1}}]},"15":{"type":"branch","line":68,"loc":{"start":{"line":68,"column":20},"end":{"line":68,"column":49}},"locations":[{"start":{"line":68,"column":20},"end":{"line":68,"column":49}}]},"16":{"type":"branch","line":72,"loc":{"start":{"line":72,"column":7},"end":{"line":74,"column":1}},"locations":[{"start":{"line":72,"column":7},"end":{"line":74,"column":1}}]},"17":{"type":"branch","line":73,"loc":{"start":{"line":73,"column":30},"end":{"line":73,"column":53}},"locations":[{"start":{"line":73,"column":30},"end":{"line":73,"column":53}}]},"18":{"type":"branch","line":77,"loc":{"start":{"line":77,"column":7},"end":{"line":79,"column":1}},"locations":[{"start":{"line":77,"column":7},"end":{"line":79,"column":1}}]},"19":{"type":"branch","line":82,"loc":{"start":{"line":82,"column":7},"end":{"line":84,"column":1}},"locations":[{"start":{"line":82,"column":7},"end":{"line":84,"column":1}}]},"20":{"type":"branch","line":87,"loc":{"start":{"line":87,"column":7},"end":{"line":89,"column":1}},"locations":[{"start":{"line":87,"column":7},"end":{"line":89,"column":1}}]},"21":{"type":"branch","line":92,"loc":{"start":{"line":92,"column":7},"end":{"line":102,"column":1}},"locations":[{"start":{"line":92,"column":7},"end":{"line":102,"column":1}}]}},"b":{"0":[108],"1":[15],"2":[80],"3":[1],"4":[3],"5":[1],"6":[3],"7":[28],"8":[154],"9":[14],"10":[1],"11":[3],"12":[1],"13":[3],"14":[1],"15":[3],"16":[4],"17":[8],"18":[1],"19":[1],"20":[1],"21":[1]},"fnMap":{"0":{"name":"vZero","decl":{"start":{"line":4,"column":7},"end":{"line":6,"column":1}},"loc":{"start":{"line":4,"column":7},"end":{"line":6,"column":1}},"line":4},"1":{"name":"vAdd","decl":{"start":{"line":8,"column":7},"end":{"line":14,"column":1}},"loc":{"start":{"line":8,"column":7},"end":{"line":14,"column":1}},"line":8},"2":{"name":"vMin","decl":{"start":{"line":17,"column":7},"end":{"line":23,"column":1}},"loc":{"start":{"line":17,"column":7},"end":{"line":23,"column":1}},"line":17},"3":{"name":"vMax","decl":{"start":{"line":26,"column":7},"end":{"line":32,"column":1}},"loc":{"start":{"line":26,"column":7},"end":{"line":32,"column":1}},"line":26},"4":{"name":"vScale","decl":{"start":{"line":35,"column":7},"end":{"line":41,"column":1}},"loc":{"start":{"line":35,"column":7},"end":{"line":41,"column":1}},"line":35},"5":{"name":"vSub","decl":{"start":{"line":44,"column":7},"end":{"line":46,"column":1}},"loc":{"start":{"line":44,"column":7},"end":{"line":46,"column":1}},"line":44},"6":{"name":"vMul","decl":{"start":{"line":49,"column":7},"end":{"line":55,"column":1}},"loc":{"start":{"line":49,"column":7},"end":{"line":55,"column":1}},"line":49},"7":{"name":"vDiv","decl":{"start":{"line":58,"column":7},"end":{"line":64,"column":1}},"loc":{"start":{"line":58,"column":7},"end":{"line":64,"column":1}},"line":58},"8":{"name":"vDot","decl":{"start":{"line":67,"column":7},"end":{"line":69,"column":1}},"loc":{"start":{"line":67,"column":7},"end":{"line":69,"column":1}},"line":67},"9":{"name":"vLength","decl":{"start":{"line":72,"column":7},"end":{"line":74,"column":1}},"loc":{"start":{"line":72,"column":7},"end":{"line":74,"column":1}},"line":72},"10":{"name":"vNormalize","decl":{"start":{"line":77,"column":7},"end":{"line":79,"column":1}},"loc":{"start":{"line":77,"column":7},"end":{"line":79,"column":1}},"line":77},"11":{"name":"vNearlyZero","decl":{"start":{"line":82,"column":7},"end":{"line":84,"column":1}},"loc":{"start":{"line":82,"column":7},"end":{"line":84,"column":1}},"line":82},"12":{"name":"vClose","decl":{"start":{"line":87,"column":7},"end":{"line":89,"column":1}},"loc":{"start":{"line":87,"column":7},"end":{"line":89,"column":1}},"line":87},"13":{"name":"vCross","decl":{"start":{"line":92,"column":7},"end":{"line":102,"column":1}},"loc":{"start":{"line":92,"column":7},"end":{"line":102,"column":1}},"line":92}},"f":{"0":108,"1":15,"2":1,"3":1,"4":28,"5":14,"6":1,"7":1,"8":1,"9":4,"10":1,"11":1,"12":1,"13":1}}
}
